Performing C SOURCE FILE Test HAVE_STRUCT_STAT_ST_MTIM failed with the following output:
Change Dir: /Users/becker/trash/temp-dir/target-test/release/build/libgit2-sys-294bff880f16dcf0/out/build/CMakeFiles/CMakeTmp

Run Build Command:"/usr/bin/make" "cmTC_384bb/fast"
/Applications/Xcode.app/Contents/Developer/usr/bin/make -f CMakeFiles/cmTC_384bb.dir/build.make CMakeFiles/cmTC_384bb.dir/build
Building C object CMakeFiles/cmTC_384bb.dir/src.c.o
/usr/bin/cc    -ffunction-sections -fdata-sections -fPIC -m64 -DHAVE_STRUCT_STAT_ST_MTIM   -o CMakeFiles/cmTC_384bb.dir/src.c.o   -c /Users/becker/trash/temp-dir/target-test/release/build/libgit2-sys-294bff880f16dcf0/out/build/CMakeFiles/CMakeTmp/src.c
/Users/becker/trash/temp-dir/target-test/release/build/libgit2-sys-294bff880f16dcf0/out/build/CMakeFiles/CMakeTmp/src.c:7:37: error: no member named 'st_mtim' in 'struct stat'
   (void)sizeof(((struct stat *)0)->st_mtim);
                ~~~~~~~~~~~~~~~~~~  ^
1 error generated.
make[1]: *** [CMakeFiles/cmTC_384bb.dir/src.c.o] Error 1
make: *** [cmTC_384bb/fast] Error 2

Source file was:

#include <sys/types.h>
#include <sys/stat.h>

int main()
{
   (void)sizeof(((struct stat *)0)->st_mtim);
   return 0;
}

Performing C SOURCE FILE Test HAVE_STRUCT_STAT_MTIME_NSEC failed with the following output:
Change Dir: /Users/becker/trash/temp-dir/target-test/release/build/libgit2-sys-294bff880f16dcf0/out/build/CMakeFiles/CMakeTmp

Run Build Command:"/usr/bin/make" "cmTC_4ae3b/fast"
/Applications/Xcode.app/Contents/Developer/usr/bin/make -f CMakeFiles/cmTC_4ae3b.dir/build.make CMakeFiles/cmTC_4ae3b.dir/build
Building C object CMakeFiles/cmTC_4ae3b.dir/src.c.o
/usr/bin/cc    -ffunction-sections -fdata-sections -fPIC -m64 -DHAVE_STRUCT_STAT_MTIME_NSEC   -o CMakeFiles/cmTC_4ae3b.dir/src.c.o   -c /Users/becker/trash/temp-dir/target-test/release/build/libgit2-sys-294bff880f16dcf0/out/build/CMakeFiles/CMakeTmp/src.c
/Users/becker/trash/temp-dir/target-test/release/build/libgit2-sys-294bff880f16dcf0/out/build/CMakeFiles/CMakeTmp/src.c:6:37: error: no member named 'st_mtime_nsec' in 'struct stat'; did you mean 'st_mtimespec'?
   (void)sizeof(((struct stat *)0)->st_mtime_nsec);
                                    ^~~~~~~~~~~~~
                                    st_mtimespec
/usr/include/sys/stat.h:182:13: note: 'st_mtimespec' declared here
struct stat __DARWIN_STRUCT_STAT64;
            ^
/usr/include/sys/stat.h:166:2: note: expanded from macro '__DARWIN_STRUCT_STAT64'
        __DARWIN_STRUCT_STAT64_TIMES \
        ^
/usr/include/sys/stat.h:130:18: note: expanded from macro '__DARWIN_STRUCT_STAT64_TIMES'
        struct timespec st_mtimespec;           /* time of last data modification */ \
                        ^
1 error generated.
make[1]: *** [CMakeFiles/cmTC_4ae3b.dir/src.c.o] Error 1
make: *** [cmTC_4ae3b/fast] Error 2

Source file was:

#include <sys/stat.h>

int main()
{
   (void)sizeof(((struct stat *)0)->st_mtime_nsec);
   return 0;
}

Determining if the function futimens exists failed with the following output:
Change Dir: /Users/becker/trash/temp-dir/target-test/release/build/libgit2-sys-294bff880f16dcf0/out/build/CMakeFiles/CMakeTmp

Run Build Command:"/usr/bin/make" "cmTC_cb0fa/fast"
/Applications/Xcode.app/Contents/Developer/usr/bin/make -f CMakeFiles/cmTC_cb0fa.dir/build.make CMakeFiles/cmTC_cb0fa.dir/build
Building C object CMakeFiles/cmTC_cb0fa.dir/CheckFunctionExists.c.o
/usr/bin/cc    -D_GNU_SOURCE -Wall -Wextra  -ffunction-sections -fdata-sections -fPIC -m64 -Wdocumentation -Wno-missing-field-initializers -Wstrict-aliasing=2 -Wstrict-prototypes -Wdeclaration-after-statement -Wno-unused-const-variable -Wno-unused-function -Wno-deprecated-declarations -DCHECK_FUNCTION_EXISTS=futimens   -o CMakeFiles/cmTC_cb0fa.dir/CheckFunctionExists.c.o   -c /usr/local/Cellar/cmake/3.6.1/share/cmake/Modules/CheckFunctionExists.c
Linking C executable cmTC_cb0fa
/usr/local/Cellar/cmake/3.6.1/bin/cmake -E cmake_link_script CMakeFiles/cmTC_cb0fa.dir/link.txt --verbose=1
/usr/bin/cc  -D_GNU_SOURCE -Wall -Wextra  -ffunction-sections -fdata-sections -fPIC -m64 -Wdocumentation -Wno-missing-field-initializers -Wstrict-aliasing=2 -Wstrict-prototypes -Wdeclaration-after-statement -Wno-unused-const-variable -Wno-unused-function -Wno-deprecated-declarations -DCHECK_FUNCTION_EXISTS=futimens -Wl,-search_paths_first -Wl,-headerpad_max_install_names   CMakeFiles/cmTC_cb0fa.dir/CheckFunctionExists.c.o  -o cmTC_cb0fa  
Undefined symbols for architecture x86_64:
  "_futimens", referenced from:
      _main in CheckFunctionExists.c.o
ld: symbol(s) not found for architecture x86_64
clang: error: linker command failed with exit code 1 (use -v to see invocation)
make[1]: *** [cmTC_cb0fa] Error 1
make: *** [cmTC_cb0fa/fast] Error 2


Determining if the function qsort_s exists failed with the following output:
Change Dir: /Users/becker/trash/temp-dir/target-test/release/build/libgit2-sys-294bff880f16dcf0/out/build/CMakeFiles/CMakeTmp

Run Build Command:"/usr/bin/make" "cmTC_2ec24/fast"
/Applications/Xcode.app/Contents/Developer/usr/bin/make -f CMakeFiles/cmTC_2ec24.dir/build.make CMakeFiles/cmTC_2ec24.dir/build
Building C object CMakeFiles/cmTC_2ec24.dir/CheckFunctionExists.c.o
/usr/bin/cc    -D_GNU_SOURCE -Wall -Wextra  -ffunction-sections -fdata-sections -fPIC -m64 -Wdocumentation -Wno-missing-field-initializers -Wstrict-aliasing=2 -Wstrict-prototypes -Wdeclaration-after-statement -Wno-unused-const-variable -Wno-unused-function -Wno-deprecated-declarations -DCHECK_FUNCTION_EXISTS=qsort_s   -o CMakeFiles/cmTC_2ec24.dir/CheckFunctionExists.c.o   -c /usr/local/Cellar/cmake/3.6.1/share/cmake/Modules/CheckFunctionExists.c
Linking C executable cmTC_2ec24
/usr/local/Cellar/cmake/3.6.1/bin/cmake -E cmake_link_script CMakeFiles/cmTC_2ec24.dir/link.txt --verbose=1
/usr/bin/cc  -D_GNU_SOURCE -Wall -Wextra  -ffunction-sections -fdata-sections -fPIC -m64 -Wdocumentation -Wno-missing-field-initializers -Wstrict-aliasing=2 -Wstrict-prototypes -Wdeclaration-after-statement -Wno-unused-const-variable -Wno-unused-function -Wno-deprecated-declarations -DCHECK_FUNCTION_EXISTS=qsort_s -Wl,-search_paths_first -Wl,-headerpad_max_install_names   CMakeFiles/cmTC_2ec24.dir/CheckFunctionExists.c.o  -o cmTC_2ec24  
Undefined symbols for architecture x86_64:
  "_qsort_s", referenced from:
      _main in CheckFunctionExists.c.o
ld: symbol(s) not found for architecture x86_64
clang: error: linker command failed with exit code 1 (use -v to see invocation)
make[1]: *** [cmTC_2ec24] Error 1
make: *** [cmTC_2ec24/fast] Error 2


Determining if the function clock_gettime exists in the rt failed with the following output:
Change Dir: /Users/becker/trash/temp-dir/target-test/release/build/libgit2-sys-294bff880f16dcf0/out/build/CMakeFiles/CMakeTmp

Run Build Command:"/usr/bin/make" "cmTC_b77b1/fast"
/Applications/Xcode.app/Contents/Developer/usr/bin/make -f CMakeFiles/cmTC_b77b1.dir/build.make CMakeFiles/cmTC_b77b1.dir/build
Building C object CMakeFiles/cmTC_b77b1.dir/CheckFunctionExists.c.o
/usr/bin/cc    -D_GNU_SOURCE -Wall -Wextra  -ffunction-sections -fdata-sections -fPIC -m64 -Wdocumentation -Wno-missing-field-initializers -Wstrict-aliasing=2 -Wstrict-prototypes -Wdeclaration-after-statement -Wno-unused-const-variable -Wno-unused-function -Wno-deprecated-declarations -DCHECK_FUNCTION_EXISTS=clock_gettime   -o CMakeFiles/cmTC_b77b1.dir/CheckFunctionExists.c.o   -c /usr/local/Cellar/cmake/3.6.1/share/cmake/Modules/CheckFunctionExists.c
Linking C executable cmTC_b77b1
/usr/local/Cellar/cmake/3.6.1/bin/cmake -E cmake_link_script CMakeFiles/cmTC_b77b1.dir/link.txt --verbose=1
/usr/bin/cc  -D_GNU_SOURCE -Wall -Wextra  -ffunction-sections -fdata-sections -fPIC -m64 -Wdocumentation -Wno-missing-field-initializers -Wstrict-aliasing=2 -Wstrict-prototypes -Wdeclaration-after-statement -Wno-unused-const-variable -Wno-unused-function -Wno-deprecated-declarations -DCHECK_FUNCTION_EXISTS=clock_gettime -Wl,-search_paths_first -Wl,-headerpad_max_install_names   CMakeFiles/cmTC_b77b1.dir/CheckFunctionExists.c.o  -o cmTC_b77b1  -L/Users/becker/trash/temp-dir/target-test/release/build/libgit2-sys-294bff880f16dcf0/out/build/CMakeFiles/CMakeTmp/time.h  -lrt -Wl,-rpath,/Users/becker/trash/temp-dir/target-test/release/build/libgit2-sys-294bff880f16dcf0/out/build/CMakeFiles/CMakeTmp/time.h 
ld: warning: directory not found for option '-L/Users/becker/trash/temp-dir/target-test/release/build/libgit2-sys-294bff880f16dcf0/out/build/CMakeFiles/CMakeTmp/time.h'
ld: library not found for -lrt
clang: error: linker command failed with exit code 1 (use -v to see invocation)
make[1]: *** [cmTC_b77b1] Error 1
make: *** [cmTC_b77b1/fast] Error 2


